-------------------------------------------------------------------------------
Test set: MobileTest.UtxoHomePageTest
-------------------------------------------------------------------------------
Tests run: 8, Failures: 1, Errors: 0, Skipped: 0, Time elapsed: 411.76 sec <<< FAILURE!
verifyUtxoMobileVideoItems@IPhone(version="11", platform="IOS")(MobileTest.UtxoHomePageTest)  Time elapsed: 24.359 sec  <<< FAILURE!
junit.framework.AssertionFailedError
	at MobileTest.UtxoHomePageTest.verifyUtxoMobileVideoItems(UtxoHomePageTest.java:66)

