-------------------------------------------------------------------------------
Test set: DesktopTest.UtxoHomePageTest
-------------------------------------------------------------------------------
Tests run: 24, Failures: 1, Errors: 0, Skipped: 0, Time elapsed: 1,017.117 sec <<< FAILURE!
verifyVideoItems@Safari(version="14", platform="MAC")(DesktopTest.UtxoHomePageTest)  Time elapsed: 17.959 sec  <<< FAILURE!
junit.framework.AssertionFailedError
	at DesktopTest.UtxoHomePageTest.verifyVideoItems(UtxoHomePageTest.java:75)

